INFO:  latexindent.pl version 3.12, 2021-09-16, a script to indent .tex files
       latexindent.pl lives here: D:/MikText/scripts/latexindent/
       Wed Oct 20 11:14:58 2021
       Filename: c:/Users/Darks/Documents/GitHub/TFG/Book/chapters/__latexindent_temp.tex
INFO:  Processing switches:
       -y|--yaml: YAML settings specified via command line
       -c|--cruft: cruft directory
INFO:  Directory for backup files and c:/Users/Darks/Documents/GitHub/TFG/Book/indent.log: c:/Users/Darks/Documents/GitHub/TFG/Book
INFO:  Perl modules are being loaded from the following directories:
       D:/Perl/perl/lib/FindBin.pm
       D:/Perl/perl/vendor/lib/YAML/Tiny.pm
       D:/Perl/perl/lib/File/Copy.pm
       D:/Perl/perl/lib/File/Basename.pm
       D:/Perl/perl/lib/Getopt/Long.pm
       D:/Perl/perl/vendor/lib/File/HomeDir.pm
       D:/Perl/perl/vendor/lib/Unicode/GCString.pm
INFO:  LatexIndent perl modules are being loaded from, for example:
       D:/MikText/scripts/latexindent/LatexIndent/Document.pm
INFO:  YAML settings read: defaultSettings.yaml
       Reading defaultSettings.yaml from D:/MikText/scripts/latexindent/defaultSettings.yaml
INFO:  YAML settings read: indentconfig.yaml or .indentconfig.yaml
       Home directory is C:\Users\Darks (didn't find either indentconfig.yaml or .indentconfig.yaml)
       To specify user settings you would put indentconfig.yaml here: C:\Users\Darks/indentconfig.yaml
       Alternatively, you can use the hidden file .indentconfig.yaml as: C:\Users\Darks/.indentconfig.yaml
INFO:  YAML settings read: -y switch
       YAML setting: defaultIndent:'  '
       Updating mainSettings with defaultIndent:   
INFO:  Phase 1: searching for objects
INFO:  Phase 2: finding surrounding indentation
INFO:  Phase 3: indenting objects
INFO:  Phase 4: final indentation check
INFO:  Output routine:
       Not outputting to file; see -w and -o switches for more options.
       --------------
INFO:  Please direct all communication/issues to:
        https://github.com/cmhughes/latexindent.pl
