This is pdfTeX, Version 3.14159265-2.6-1.40.21 (MiKTeX 20.10) (preloaded format=pdflatex 2020.10.29)  5 APR 2022 12:57
entering extended mode
**c:/Users/Darks/Documents/GitHub/TFG/Book/TFG-DavidMarquez.tex
(c:/Users/Darks/Documents/GitHub/TFG/Book/TFG-DavidMarquez.tex
LaTeX2e <2020-10-01> patch level 1
L3 programming layer <2020-10-05> xparse <2020-03-03> (D:\MikText\tex/latex/base\book.cls
Document Class: book 2020/04/10 v1.4m Standard LaTeX document class
(D:\MikText\tex/latex/base\bk10.clo
File: bk10.clo 2020/04/10 v1.4m Standard LaTeX file (size option)
)
\c@part=\count175
\c@chapter=\count176
\c@section=\count177
\c@subsection=\count178
\c@subsubsection=\count179
\c@paragraph=\count180
\c@subparagraph=\count181
\c@figure=\count182
\c@table=\count183
\abovecaptionskip=\skip47
\belowcaptionskip=\skip48
\bibindent=\dimen138
) (../Config/preamble.tex (D:\MikText\tex/latex/base\ifthen.sty
Package: ifthen 2014/09/29 v1.1c Standard LaTeX ifthen package (DPC)
) (D:\MikText\tex/latex/base\inputenc.sty
Package: inputenc 2020/08/01 v1.3d Input encoding file
\inpenc@prehook=\toks15
\inpenc@posthook=\toks16
) (D:\MikText\tex/latex/base\fontenc.sty
Package: fontenc 2020/08/10 v2.0s Standard LaTeX package
) (D:\MikText\tex/latex/ae\ae.sty
Package: ae 2001/02/12 1.3 Almost European Computer Modern
 (D:\MikText\tex/latex/base\fontenc.sty
Package: fontenc 2020/08/10 v2.0s Standard LaTeX package
)) (D:\MikText\tex/latex/lm\lmodern.sty
Package: lmodern 2009/10/30 v1.6 Latin Modern Fonts
LaTeX Font Info:    Overwriting symbol font `operators' in version `normal'
(Font)                  OT1/cmr/m/n --> OT1/lmr/m/n on input line 22.
LaTeX Font Info:    Overwriting symbol font `letters' in version `normal'
(Font)                  OML/cmm/m/it --> OML/lmm/m/it on input line 23.
LaTeX Font Info:    Overwriting symbol font `symbols' in version `normal'
(Font)                  OMS/cmsy/m/n --> OMS/lmsy/m/n on input line 24.
LaTeX Font Info:    Overwriting symbol font `largesymbols' in version `normal'
(Font)                  OMX/cmex/m/n --> OMX/lmex/m/n on input line 25.
LaTeX Font Info:    Overwriting symbol font `operators' in version `bold'
(Font)                  OT1/cmr/bx/n --> OT1/lmr/bx/n on input line 26.
LaTeX Font Info:    Overwriting symbol font `letters' in version `bold'
(Font)                  OML/cmm/b/it --> OML/lmm/b/it on input line 27.
LaTeX Font Info:    Overwriting symbol font `symbols' in version `bold'
(Font)                  OMS/cmsy/b/n --> OMS/lmsy/b/n on input line 28.
LaTeX Font Info:    Overwriting symbol font `largesymbols' in version `bold'
(Font)                  OMX/cmex/m/n --> OMX/lmex/m/n on input line 29.
LaTeX Font Info:    Overwriting math alphabet `\mathbf' in version `normal'
(Font)                  OT1/cmr/bx/n --> OT1/lmr/bx/n on input line 31.
LaTeX Font Info:    Overwriting math alphabet `\mathsf' in version `normal'
(Font)                  OT1/cmss/m/n --> OT1/lmss/m/n on input line 32.
LaTeX Font Info:    Overwriting math alphabet `\mathit' in version `normal'
(Font)                  OT1/cmr/m/it --> OT1/lmr/m/it on input line 33.
LaTeX Font Info:    Overwriting math alphabet `\mathtt' in version `normal'
(Font)                  OT1/cmtt/m/n --> OT1/lmtt/m/n on input line 34.
LaTeX Font Info:    Overwriting math alphabet `\mathbf' in version `bold'
(Font)                  OT1/cmr/bx/n --> OT1/lmr/bx/n on input line 35.
LaTeX Font Info:    Overwriting math alphabet `\mathsf' in version `bold'
(Font)                  OT1/cmss/bx/n --> OT1/lmss/bx/n on input line 36.
LaTeX Font Info:    Overwriting math alphabet `\mathit' in version `bold'
(Font)                  OT1/cmr/bx/it --> OT1/lmr/bx/it on input line 37.
LaTeX Font Info:    Overwriting math alphabet `\mathtt' in version `bold'
(Font)                  OT1/cmtt/m/n --> OT1/lmtt/m/n on input line 38.
) (D:\MikText\tex/latex/wrapfig\wrapfig.sty
\wrapoverhang=\dimen139
\WF@size=\dimen140
\c@WF@wrappedlines=\count184
\WF@box=\box47
\WF@everypar=\toks17
Package: wrapfig 2003/01/31  v 3.6
) (D:\MikText\tex/latex/lipsum\lipsum.sty (D:\MikText\tex/latex/l3kernel\expl3.sty
Package: expl3 2020-10-05 L3 programming layer (loader) 
 (D:\MikText\tex/latex/l3backend\l3backend-pdftex.def
File: l3backend-pdftex.def 2020-09-24 L3 backend support: PDF output (pdfTeX)
\l__kernel_color_stack_int=\count185
\l__pdf_internal_box=\box48
)) (D:\MikText\tex/latex/l3packages/xparse\xparse.sty
Package: xparse 2020-10-05 L3 Experimental document command parser
 (D:\MikText\tex/latex/l3packages/xparse\xparse-generic.tex))
Package: lipsum 2019/01/02 v2.2 150 paragraphs of Lorem Ipsum dummy text
 (D:\MikText\tex/latex/lipsum\lipsum.ltd.tex
File: lipsum.ltd.tex 2019/01/02 v2.2 The Lorem ipsum dummy text
)) (D:\MikText\tex/latex/pdfpages\pdfpages.sty
Package: pdfpages 2020/01/28 v0.5q Insert pages of external PDF documents (AM)
 (D:\MikText\tex/latex/tools\calc.sty
Package: calc 2017/05/25 v4.3 Infix arithmetic (KKT,FJ)
\calc@Acount=\count186
\calc@Bcount=\count187
\calc@Adimen=\dimen141
\calc@Bdimen=\dimen142
\calc@Askip=\skip49
\calc@Bskip=\skip50
LaTeX Info: Redefining \setlength on input line 80.
LaTeX Info: Redefining \addtolength on input line 81.
\calc@Ccount=\count188
\calc@Cskip=\skip51
) (D:\MikText\tex/latex/eso-pic\eso-pic.sty
Package: eso-pic 2020/09/27 v2.0i eso-pic (RN)
 (D:\MikText\tex/latex/base\atbegshi-ltx.sty
Package: atbegshi-ltx 2020/08/17 v1.0a Emulation of the original atbegshi package
with kernel methods
)
\ESO@tempdima=\dimen143
\ESO@tempdimb=\dimen144
 (D:\MikText\tex/latex/graphics\keyval.sty
Package: keyval 2014/10/28 v1.15 key=value parser (DPC)
\KV@toks@=\toks18
) (D:\MikText\tex/latex/xcolor\xcolor.sty
Package: xcolor 2016/05/11 v2.12 LaTeX color extensions (UK)
 (D:\MikText\tex/latex/graphics-cfg\color.cfg
File: color.cfg 2016/01/02 v1.6 sample color configuration
)
Package xcolor Info: Driver file: pdftex.def on input line 225.
 (D:\MikText\tex/latex/graphics-def\pdftex.def
File: pdftex.def 2020/10/05 v1.2a Graphics/color driver for pdftex
)
Package xcolor Info: Model `cmy' substituted by `cmy0' on input line 1348.
Package xcolor Info: Model `hsb' substituted by `rgb' on input line 1352.
Package xcolor Info: Model `RGB' extended on input line 1364.
Package xcolor Info: Model `HTML' substituted by `rgb' on input line 1366.
Package xcolor Info: Model `Hsb' substituted by `hsb' on input line 1367.
Package xcolor Info: Model `tHsb' substituted by `hsb' on input line 1368.
Package xcolor Info: Model `HSB' substituted by `hsb' on input line 1369.
Package xcolor Info: Model `Gray' substituted by `gray' on input line 1370.
Package xcolor Info: Model `wave' substituted by `hsb' on input line 1371.
)) (D:\MikText\tex/latex/graphics\graphicx.sty
Package: graphicx 2020/09/09 v1.2b Enhanced LaTeX Graphics (DPC,SPQR)
 (D:\MikText\tex/latex/graphics\graphics.sty
Package: graphics 2020/08/30 v1.4c Standard LaTeX Graphics (DPC,SPQR)
 (D:\MikText\tex/latex/graphics\trig.sty
Package: trig 2016/01/03 v1.10 sin cos tan (DPC)
) (D:\MikText\tex/latex/graphics-cfg\graphics.cfg
File: graphics.cfg 2016/06/04 v1.11 sample graphics configuration
)
Package graphics Info: Driver file: pdftex.def on input line 105.
)
\Gin@req@height=\dimen145
\Gin@req@width=\dimen146
)
\AM@pagewidth=\dimen147
\AM@pageheight=\dimen148
 (D:\MikText\tex/latex/pdfpages\pppdftex.def
File: pppdftex.def 2020/01/28 v0.5q Pdfpages driver for pdfTeX (AM)
)
\AM@pagebox=\box49
\AM@global@opts=\toks19
\AM@pagecnt=\count189
\AM@toc@title=\toks20
\c@AM@survey=\count190
\AM@templatesizebox=\box50
) (D:\MikText\tex/latex/emptypage\emptypage.sty
Package: emptypage 2010/05/30 v1.2 Suppress page numbers and headings on empty pages
) (D:\MikText\tex/latex/tocbibind\tocbibind.sty
Package: tocbibind 2010/10/13 v1.5k extra ToC listings
Package tocbibind Info: The document has chapter divisions on input line 50.


Package tocbibind Note: Using chapter style headings, unless overridden.

) (D:\MikText\tex/latex/listings\listings.sty
\lst@mode=\count191
\lst@gtempboxa=\box51
\lst@token=\toks21
\lst@length=\count192
\lst@currlwidth=\dimen149
\lst@column=\count193
\lst@pos=\count194
\lst@lostspace=\dimen150
\lst@width=\dimen151
\lst@newlines=\count195
\lst@lineno=\count196
\lst@maxwidth=\dimen152
 (D:\MikText\tex/latex/listings\lstmisc.sty
File: lstmisc.sty 2020/03/24 1.8d (Carsten Heinz)
\c@lstnumber=\count197
\lst@skipnumbers=\count198
\lst@framebox=\box52
) (D:\MikText\tex/latex/listings\listings.cfg
File: listings.cfg 2020/03/24 1.8d listings configuration
))
Package: listings 2020/03/24 1.8d (Carsten Heinz)
 (D:\MikText\tex/latex/tools\longtable.sty
Package: longtable 2020/01/07 v4.13 Multi-page Table package (DPC)
\LTleft=\skip52
\LTright=\skip53
\LTpre=\skip54
\LTpost=\skip55
\LTchunksize=\count199
\LTcapwidth=\dimen153
\LT@head=\box53
\LT@firsthead=\box54
\LT@foot=\box55
\LT@lastfoot=\box56
\LT@cols=\count266
\LT@rows=\count267
\c@LT@tables=\count268
\c@LT@chunks=\count269
\LT@p@ftn=\toks22
) (D:\MikText\tex/latex/tools\afterpage.sty
Package: afterpage 2014/10/28 v1.08 After-Page Package (DPC)
\AP@output=\toks23
\AP@partial=\box57
\AP@footins=\box58
) (D:\MikText\tex/latex/tools\xspace.sty
Package: xspace 2014/10/28 v1.13 Space after command names (DPC,MH)
) (D:\MikText\tex/latex/tools\verbatim.sty
Package: verbatim 2019/11/10 v1.5r LaTeX2e package for verbatim enhancements
\every@verbatim=\toks24
\verbatim@line=\toks25
\verbatim@in@stream=\read2
) (D:\MikText\tex/latex/moreverb\moreverb.sty
Package: moreverb 2008/06/03 v2.3a `more' verbatim facilities
\tab@position=\count270
\tab@size=\count271
\listing@line=\count272
) (D:\MikText\tex/latex/tools\multicol.sty
Package: multicol 2019/12/09 v1.8y multicolumn formatting (FMi)
\c@tracingmulticols=\count273
\mult@box=\box59
\multicol@leftmargin=\dimen154
\c@unbalance=\count274
\c@collectmore=\count275
\doublecol@number=\count276
\multicoltolerance=\count277
\multicolpretolerance=\count278
\full@width=\dimen155
\page@free=\dimen156
\premulticols=\dimen157
\postmulticols=\dimen158
\multicolsep=\skip56
\multicolbaselineskip=\skip57
\partial@page=\box60
\last@line=\box61
\maxbalancingoverflow=\dimen159
\mult@rightbox=\box62
\mult@grightbox=\box63
\mult@gfirstbox=\box64
\mult@firstbox=\box65
\@tempa=\box66
\@tempa=\box67
\@tempa=\box68
\@tempa=\box69
\@tempa=\box70
\@tempa=\box71
\@tempa=\box72
\@tempa=\box73
\@tempa=\box74
\@tempa=\box75
\@tempa=\box76
\@tempa=\box77
\@tempa=\box78
\@tempa=\box79
\@tempa=\box80
\@tempa=\box81
\@tempa=\box82
\@tempa=\box83
\@tempa=\box84
\@tempa=\box85
\@tempa=\box86
\@tempa=\box87
\@tempa=\box88
\@tempa=\box89
\@tempa=\box90
\@tempa=\box91
\@tempa=\box92
\@tempa=\box93
\@tempa=\box94
\@tempa=\box95
\@tempa=\box96
\@tempa=\box97
\@tempa=\box98
\@tempa=\box99
\@tempa=\box100
\@tempa=\box101
\@tempa=\box102
\c@minrows=\count279
\c@columnbadness=\count280
\c@finalcolumnbadness=\count281
\last@try=\dimen160
\multicolovershoot=\dimen161
\multicolundershoot=\dimen162
\mult@nat@firstbox=\box103
\colbreak@box=\box104
\mc@col@check@num=\count282
) (D:\MikText\tex/latex/amsmath\amsmath.sty
Package: amsmath 2020/09/23 v2.17i AMS math features
\@mathmargin=\skip58

For additional information on amsmath, use the `?' option.
(D:\MikText\tex/latex/amsmath\amstext.sty
Package: amstext 2000/06/29 v2.01 AMS text
 (D:\MikText\tex/latex/amsmath\amsgen.sty
File: amsgen.sty 1999/11/30 v2.0 generic functions
\@emptytoks=\toks26
\ex@=\dimen163
)) (D:\MikText\tex/latex/amsmath\amsbsy.sty
Package: amsbsy 1999/11/29 v1.2d Bold Symbols
\pmbraise@=\dimen164
) (D:\MikText\tex/latex/amsmath\amsopn.sty
Package: amsopn 2016/03/08 v2.02 operator names
)
\inf@bad=\count283
LaTeX Info: Redefining \frac on input line 234.
\uproot@=\count284
\leftroot@=\count285
LaTeX Info: Redefining \overline on input line 399.
\classnum@=\count286
\DOTSCASE@=\count287
LaTeX Info: Redefining \ldots on input line 496.
LaTeX Info: Redefining \dots on input line 499.
LaTeX Info: Redefining \cdots on input line 620.
\Mathstrutbox@=\box105
\strutbox@=\box106
\big@size=\dimen165
LaTeX Font Info:    Redeclaring font encoding OML on input line 743.
LaTeX Font Info:    Redeclaring font encoding OMS on input line 744.
\macc@depth=\count288
\c@MaxMatrixCols=\count289
\dotsspace@=\muskip16
\c@parentequation=\count290
\dspbrk@lvl=\count291
\tag@help=\toks27
\row@=\count292
\column@=\count293
\maxfields@=\count294
\andhelp@=\toks28
\eqnshift@=\dimen166
\alignsep@=\dimen167
\tagshift@=\dimen168
\tagwidth@=\dimen169
\totwidth@=\dimen170
\lineht@=\dimen171
\@envbody=\toks29
\multlinegap=\skip59
\multlinetaggap=\skip60
\mathdisplay@stack=\toks30
LaTeX Info: Redefining \[ on input line 2923.
LaTeX Info: Redefining \] on input line 2924.
) (D:\MikText\tex/latex/eurosym\eurosym.sty
Package: eurosym 1998/08/06 v1.1 European currency symbol ``Euro''
\@eurobox=\box107
) (D:\MikText\tex/latex/multirow\multirow.sty
Package: multirow 2019/05/31 v2.5 Span multiple rows of a table
\multirow@colwidth=\skip61
\multirow@cntb=\count295
\multirow@dima=\skip62
\bigstrutjot=\dimen172
) (D:\MikText\tex/latex/fancyhdr\fancyhdr.sty
Package: fancyhdr 2019/01/31 v3.10 Extensive control of page headers and footers
\f@nch@headwidth=\skip63
\f@nch@O@elh=\skip64
\f@nch@O@erh=\skip65
\f@nch@O@olh=\skip66
\f@nch@O@orh=\skip67
\f@nch@O@elf=\skip68
\f@nch@O@erf=\skip69
\f@nch@O@olf=\skip70
\f@nch@O@orf=\skip71
) (D:\MikText\tex/latex/base\makeidx.sty
Package: makeidx 2014/09/29 v1.0m Standard LaTeX package
) (D:\MikText\tex/latex/graphics\rotating.sty
Package: rotating 2016/08/11 v2.16d rotated objects in LaTeX
\c@r@tfl@t=\count296
\rotFPtop=\skip72
\rotFPbot=\skip73
\rot@float@box=\box108
\rot@mess@toks=\toks31
) (D:\MikText\tex/latex/supertabular\supertabular.sty
Package: supertabular 2020/02/02 v4.1g the supertabular environment
\c@tracingst=\count297
\ST@wd=\dimen173
\ST@rightskip=\skip74
\ST@leftskip=\skip75
\ST@parfillskip=\skip76
\ST@pageleft=\dimen174
\ST@headht=\dimen175
\ST@tailht=\dimen176
\ST@pagesofar=\dimen177
\ST@pboxht=\dimen178
\ST@lineht=\dimen179
\ST@prevht=\dimen180
\ST@toadd=\dimen181
\ST@dimen=\dimen182
\ST@pbox=\box109
) (D:\MikText\tex/latex/tools\hhline.sty
Package: hhline 2020/01/04 v2.04 Table rule package (DPC)
) (D:\MikText\tex/latex/tools\array.sty
Package: array 2019/08/31 v2.4l Tabular extension package (FMi)
\col@sep=\dimen183
\ar@mcellbox=\box110
\extrarowheight=\dimen184
\NC@list=\toks32
\extratabsurround=\skip77
\backup@length=\skip78
\ar@cellbox=\box111
) (D:\MikText\tex/latex/cite\cite.sty
LaTeX Info: Redefining \cite on input line 302.
LaTeX Info: Redefining \nocite on input line 332.
Package: cite 2015/02/27  v 5.5
) (D:\MikText\tex/latex/caption\caption.sty
Package: caption 2020/10/26 v3.5g Customizing captions (AR)
 (D:\MikText\tex/latex/caption\caption3.sty
Package: caption3 2020/10/21 v2.2e caption3 kernel (AR)
\captionmargin=\dimen185
\captionmargin@=\dimen186
\captionwidth=\dimen187
\caption@tempdima=\dimen188
\caption@indent=\dimen189
\caption@parindent=\dimen190
\caption@hangindent=\dimen191
Package caption Info: Standard document class detected.
)
\c@caption@flags=\count298
\c@continuedfloat=\count299
Package caption Info: listings package is loaded.
Package caption Info: longtable package is loaded.
 (D:\MikText\tex/latex/caption\ltcaption.sty
Package: ltcaption 2020/05/30 v1.4b longtable captions (AR)
)
Package caption Info: rotating package is loaded.
Package caption Info: supertabular package is loaded.
Package caption Info: wrapfig package is loaded.
) (D:\MikText\tex/latex/caption\subcaption.sty
Package: subcaption 2020/10/07 v1.3j Sub-captions (AR)
\c@subfigure=\count300
\c@subtable=\count301
) (D:\MikText\tex/latex/pgf/frontendlayer\tikz.sty (D:\MikText\tex/latex/pgf/basiclayer\pgf.sty (D:\MikText\tex/latex/pgf/utilities\pgfrcs.sty (D:\MikText\tex/generic/pgf/utilities\pgfutil-common.tex
\pgfutil@everybye=\toks33
\pgfutil@tempdima=\dimen192
\pgfutil@tempdimb=\dimen193
 (D:\MikText\tex/generic/pgf/utilities\pgfutil-common-lists.tex)) (D:\MikText\tex/generic/pgf/utilities\pgfutil-latex.def
\pgfutil@abb=\box112
) (D:\MikText\tex/generic/pgf/utilities\pgfrcs.code.tex (D:\MikText\tex/generic/pgf\pgf.revision.tex)
Package: pgfrcs 2020/10/01 v3.1.6a (3.1.6a)
))
Package: pgf 2020/10/01 v3.1.6a (3.1.6a)
 (D:\MikText\tex/latex/pgf/basiclayer\pgfcore.sty (D:\MikText\tex/latex/pgf/systemlayer\pgfsys.sty (D:\MikText\tex/generic/pgf/systemlayer\pgfsys.code.tex
Package: pgfsys 2020/10/01 v3.1.6a (3.1.6a)
 (D:\MikText\tex/generic/pgf/utilities\pgfkeys.code.tex
\pgfkeys@pathtoks=\toks34
\pgfkeys@temptoks=\toks35
 (D:\MikText\tex/generic/pgf/utilities\pgfkeysfiltered.code.tex
\pgfkeys@tmptoks=\toks36
))
\pgf@x=\dimen194
\pgf@y=\dimen195
\pgf@xa=\dimen196
\pgf@ya=\dimen197
\pgf@xb=\dimen198
\pgf@yb=\dimen199
\pgf@xc=\dimen256
\pgf@yc=\dimen257
\pgf@xd=\dimen258
\pgf@yd=\dimen259
\w@pgf@writea=\write3
\r@pgf@reada=\read3
\c@pgf@counta=\count302
\c@pgf@countb=\count303
\c@pgf@countc=\count304
\c@pgf@countd=\count305
\t@pgf@toka=\toks37
\t@pgf@tokb=\toks38
\t@pgf@tokc=\toks39
\pgf@sys@id@count=\count306
 (D:\MikText\tex/generic/pgf/systemlayer\pgf.cfg
File: pgf.cfg 2020/10/01 v3.1.6a (3.1.6a)
)
Driver file for pgf: pgfsys-pdftex.def
 (D:\MikText\tex/generic/pgf/systemlayer\pgfsys-pdftex.def
File: pgfsys-pdftex.def 2020/10/01 v3.1.6a (3.1.6a)
 (D:\MikText\tex/generic/pgf/systemlayer\pgfsys-common-pdf.def
File: pgfsys-common-pdf.def 2020/10/01 v3.1.6a (3.1.6a)
))) (D:\MikText\tex/generic/pgf/systemlayer\pgfsyssoftpath.code.tex
File: pgfsyssoftpath.code.tex 2020/10/01 v3.1.6a (3.1.6a)
\pgfsyssoftpath@smallbuffer@items=\count307
\pgfsyssoftpath@bigbuffer@items=\count308
) (D:\MikText\tex/generic/pgf/systemlayer\pgfsysprotocol.code.tex
File: pgfsysprotocol.code.tex 2020/10/01 v3.1.6a (3.1.6a)
)) (D:\MikText\tex/generic/pgf/basiclayer\pgfcore.code.tex
Package: pgfcore 2020/10/01 v3.1.6a (3.1.6a)
 (D:\MikText\tex/generic/pgf/math\pgfmath.code.tex (D:\MikText\tex/generic/pgf/math\pgfmathcalc.code.tex (D:\MikText\tex/generic/pgf/math\pgfmathutil.code.tex) (D:\MikText\tex/generic/pgf/math\pgfmathparser.code.tex
\pgfmath@dimen=\dimen260
\pgfmath@count=\count309
\pgfmath@box=\box113
\pgfmath@toks=\toks40
\pgfmath@stack@operand=\toks41
\pgfmath@stack@operation=\toks42
) (D:\MikText\tex/generic/pgf/math\pgfmathfunctions.code.tex (D:\MikText\tex/generic/pgf/math\pgfmathfunctions.basic.code.tex) (D:\MikText\tex/generic/pgf/math\pgfmathfunctions.trigonometric.code.tex) (D:\MikText\tex/generic/pgf/math\pgfmathfunctions.random.code.tex) (D:\MikText\tex/generic/pgf/math\pgfmathfunctions.comparison.code.tex) (D:\MikText\tex/generic/pgf/math\pgfmathfunctions.base.code.tex) (D:\MikText\tex/generic/pgf/math\pgfmathfunctions.round.code.tex) (D:\MikText\tex/generic/pgf/math\pgfmathfunctions.misc.code.tex) (D:\MikText\tex/generic/pgf/math\pgfmathfunctions.integerarithmetics.code.tex))) (D:\MikText\tex/generic/pgf/math\pgfmathfloat.code.tex
\c@pgfmathroundto@lastzeros=\count310
)) (D:\MikText\tex/generic/pgf/math\pgfint.code.tex) (D:\MikText\tex/generic/pgf/basiclayer\pgfcorepoints.code.tex
File: pgfcorepoints.code.tex 2020/10/01 v3.1.6a (3.1.6a)
\pgf@picminx=\dimen261
\pgf@picmaxx=\dimen262
\pgf@picminy=\dimen263
\pgf@picmaxy=\dimen264
\pgf@pathminx=\dimen265
\pgf@pathmaxx=\dimen266
\pgf@pathminy=\dimen267
\pgf@pathmaxy=\dimen268
\pgf@xx=\dimen269
\pgf@xy=\dimen270
\pgf@yx=\dimen271
\pgf@yy=\dimen272
\pgf@zx=\dimen273
\pgf@zy=\dimen274
) (D:\MikText\tex/generic/pgf/basiclayer\pgfcorepathconstruct.code.tex
File: pgfcorepathconstruct.code.tex 2020/10/01 v3.1.6a (3.1.6a)
\pgf@path@lastx=\dimen275
\pgf@path@lasty=\dimen276
) (D:\MikText\tex/generic/pgf/basiclayer\pgfcorepathusage.code.tex
File: pgfcorepathusage.code.tex 2020/10/01 v3.1.6a (3.1.6a)
\pgf@shorten@end@additional=\dimen277
\pgf@shorten@start@additional=\dimen278
) (D:\MikText\tex/generic/pgf/basiclayer\pgfcorescopes.code.tex
File: pgfcorescopes.code.tex 2020/10/01 v3.1.6a (3.1.6a)
\pgfpic=\box114
\pgf@hbox=\box115
\pgf@layerbox@main=\box116
\pgf@picture@serial@count=\count311
) (D:\MikText\tex/generic/pgf/basiclayer\pgfcoregraphicstate.code.tex
File: pgfcoregraphicstate.code.tex 2020/10/01 v3.1.6a (3.1.6a)
\pgflinewidth=\dimen279
) (D:\MikText\tex/generic/pgf/basiclayer\pgfcoretransformations.code.tex
File: pgfcoretransformations.code.tex 2020/10/01 v3.1.6a (3.1.6a)
\pgf@pt@x=\dimen280
\pgf@pt@y=\dimen281
\pgf@pt@temp=\dimen282
) (D:\MikText\tex/generic/pgf/basiclayer\pgfcorequick.code.tex
File: pgfcorequick.code.tex 2020/10/01 v3.1.6a (3.1.6a)
) (D:\MikText\tex/generic/pgf/basiclayer\pgfcoreobjects.code.tex
File: pgfcoreobjects.code.tex 2020/10/01 v3.1.6a (3.1.6a)
) (D:\MikText\tex/generic/pgf/basiclayer\pgfcorepathprocessing.code.tex
File: pgfcorepathprocessing.code.tex 2020/10/01 v3.1.6a (3.1.6a)
) (D:\MikText\tex/generic/pgf/basiclayer\pgfcorearrows.code.tex
File: pgfcorearrows.code.tex 2020/10/01 v3.1.6a (3.1.6a)
\pgfarrowsep=\dimen283
) (D:\MikText\tex/generic/pgf/basiclayer\pgfcoreshade.code.tex
File: pgfcoreshade.code.tex 2020/10/01 v3.1.6a (3.1.6a)
\pgf@max=\dimen284
\pgf@sys@shading@range@num=\count312
\pgf@shadingcount=\count313
) (D:\MikText\tex/generic/pgf/basiclayer\pgfcoreimage.code.tex
File: pgfcoreimage.code.tex 2020/10/01 v3.1.6a (3.1.6a)
 (D:\MikText\tex/generic/pgf/basiclayer\pgfcoreexternal.code.tex
File: pgfcoreexternal.code.tex 2020/10/01 v3.1.6a (3.1.6a)
\pgfexternal@startupbox=\box117
)) (D:\MikText\tex/generic/pgf/basiclayer\pgfcorelayers.code.tex
File: pgfcorelayers.code.tex 2020/10/01 v3.1.6a (3.1.6a)
) (D:\MikText\tex/generic/pgf/basiclayer\pgfcoretransparency.code.tex
File: pgfcoretransparency.code.tex 2020/10/01 v3.1.6a (3.1.6a)
) (D:\MikText\tex/generic/pgf/basiclayer\pgfcorepatterns.code.tex
File: pgfcorepatterns.code.tex 2020/10/01 v3.1.6a (3.1.6a)
) (D:\MikText\tex/generic/pgf/basiclayer\pgfcorerdf.code.tex
File: pgfcorerdf.code.tex 2020/10/01 v3.1.6a (3.1.6a)
))) (D:\MikText\tex/generic/pgf/modules\pgfmoduleshapes.code.tex
File: pgfmoduleshapes.code.tex 2020/10/01 v3.1.6a (3.1.6a)
\pgfnodeparttextbox=\box118
) (D:\MikText\tex/generic/pgf/modules\pgfmoduleplot.code.tex
File: pgfmoduleplot.code.tex 2020/10/01 v3.1.6a (3.1.6a)
) (D:\MikText\tex/latex/pgf/compatibility\pgfcomp-version-0-65.sty
Package: pgfcomp-version-0-65 2020/10/01 v3.1.6a (3.1.6a)
\pgf@nodesepstart=\dimen285
\pgf@nodesepend=\dimen286
) (D:\MikText\tex/latex/pgf/compatibility\pgfcomp-version-1-18.sty
Package: pgfcomp-version-1-18 2020/10/01 v3.1.6a (3.1.6a)
)) (D:\MikText\tex/latex/pgf/utilities\pgffor.sty (D:\MikText\tex/latex/pgf/utilities\pgfkeys.sty (D:\MikText\tex/generic/pgf/utilities\pgfkeys.code.tex)) (D:\MikText\tex/latex/pgf/math\pgfmath.sty (D:\MikText\tex/generic/pgf/math\pgfmath.code.tex)) (D:\MikText\tex/generic/pgf/utilities\pgffor.code.tex
Package: pgffor 2020/10/01 v3.1.6a (3.1.6a)
 (D:\MikText\tex/generic/pgf/math\pgfmath.code.tex)
\pgffor@iter=\dimen287
\pgffor@skip=\dimen288
\pgffor@stack=\toks43
\pgffor@toks=\toks44
)) (D:\MikText\tex/generic/pgf/frontendlayer/tikz\tikz.code.tex
Package: tikz 2020/10/01 v3.1.6a (3.1.6a)
 (D:\MikText\tex/generic/pgf/libraries\pgflibraryplothandlers.code.tex
File: pgflibraryplothandlers.code.tex 2020/10/01 v3.1.6a (3.1.6a)
\pgf@plot@mark@count=\count314
\pgfplotmarksize=\dimen289
)
\tikz@lastx=\dimen290
\tikz@lasty=\dimen291
\tikz@lastxsaved=\dimen292
\tikz@lastysaved=\dimen293
\tikz@lastmovetox=\dimen294
\tikz@lastmovetoy=\dimen295
\tikzleveldistance=\dimen296
\tikzsiblingdistance=\dimen297
\tikz@figbox=\box119
\tikz@figbox@bg=\box120
\tikz@tempbox=\box121
\tikz@tempbox@bg=\box122
\tikztreelevel=\count315
\tikznumberofchildren=\count316
\tikznumberofcurrentchild=\count317
\tikz@fig@count=\count318
 (D:\MikText\tex/generic/pgf/modules\pgfmodulematrix.code.tex
File: pgfmodulematrix.code.tex 2020/10/01 v3.1.6a (3.1.6a)
\pgfmatrixcurrentrow=\count319
\pgfmatrixcurrentcolumn=\count320
\pgf@matrix@numberofcolumns=\count321
)
\tikz@expandcount=\count322
 (D:\MikText\tex/generic/pgf/frontendlayer/tikz/libraries\tikzlibrarytopaths.code.tex
File: tikzlibrarytopaths.code.tex 2020/10/01 v3.1.6a (3.1.6a)
))) (Sweave.sty
Package: Sweave 
 (D:\MikText\tex/latex/fancyvrb\fancyvrb.sty
Package: fancyvrb 2020/05/03 v3.6 verbatim text (tvz,hv)
\FV@CodeLineNo=\count323
\FV@InFile=\read4
\FV@TabBox=\box123
\c@FancyVerbLine=\count324
\FV@StepNumber=\count325
\FV@OutFile=\write4
) (D:\MikText\tex/latex/base\textcomp.sty
Package: textcomp 2020/02/02 v2.0n Standard LaTeX package
) (D:\MikText\tex/latex/base\fontenc.sty
Package: fontenc 2020/08/10 v2.0s Standard LaTeX package
LaTeX Font Info:    Trying to load font information for T1+lmr on input line 112.
 (D:\MikText\tex/latex/lm\t1lmr.fd
File: t1lmr.fd 2009/10/30 v1.6 Font defs for Latin Modern
))) (D:\MikText\tex/latex/geometry\geometry.sty
Package: geometry 2020/01/02 v5.9 Page Geometry
 (D:\MikText\tex/generic/iftex\ifvtex.sty
Package: ifvtex 2019/10/25 v1.7 ifvtex legacy package. Use iftex instead.
 (D:\MikText\tex/generic/iftex\iftex.sty
Package: iftex 2020/03/06 v1.0d TeX engine tests
))
\Gm@cnth=\count326
\Gm@cntv=\count327
\c@Gm@tempcnt=\count328
\Gm@bindingoffset=\dimen298
\Gm@wd@mp=\dimen299
\Gm@odd@mp=\dimen300
\Gm@even@mp=\dimen301
\Gm@layoutwidth=\dimen302
\Gm@layoutheight=\dimen303
\Gm@layouthoffset=\dimen304
\Gm@layoutvoffset=\dimen305
\Gm@dimlist=\toks45
 (D:\MikText\tex/latex/geometry\geometry.cfg)) (D:\MikText\tex/latex/hyperref\hyperref.sty
Package: hyperref 2020-05-15 v7.00e Hypertext links for LaTeX
 (D:\MikText\tex/generic/ltxcmds\ltxcmds.sty
Package: ltxcmds 2020-05-10 v1.25 LaTeX kernel commands for general use (HO)
) (D:\MikText\tex/generic/pdftexcmds\pdftexcmds.sty
Package: pdftexcmds 2020-06-27 v0.33 Utility functions of pdfTeX for LuaTeX (HO)
 (D:\MikText\tex/generic/infwarerr\infwarerr.sty
Package: infwarerr 2019/12/03 v1.5 Providing info/warning/error messages (HO)
)
Package pdftexcmds Info: \pdf@primitive is available.
Package pdftexcmds Info: \pdf@ifprimitive is available.
Package pdftexcmds Info: \pdfdraftmode found.
) (D:\MikText\tex/generic/kvsetkeys\kvsetkeys.sty
Package: kvsetkeys 2019/12/15 v1.18 Key value parser (HO)
) (D:\MikText\tex/generic/kvdefinekeys\kvdefinekeys.sty
Package: kvdefinekeys 2019-12-19 v1.6 Define keys (HO)
) (D:\MikText\tex/generic/pdfescape\pdfescape.sty
Package: pdfescape 2019/12/09 v1.15 Implements pdfTeX's escape features (HO)
) (D:\MikText\tex/latex/hycolor\hycolor.sty
Package: hycolor 2020-01-27 v1.10 Color options for hyperref/bookmark (HO)
) (D:\MikText\tex/latex/letltxmacro\letltxmacro.sty
Package: letltxmacro 2019/12/03 v1.6 Let assignment for LaTeX macros (HO)
) (D:\MikText\tex/latex/auxhook\auxhook.sty
Package: auxhook 2019-12-17 v1.6 Hooks for auxiliary files (HO)
) (D:\MikText\tex/latex/kvoptions\kvoptions.sty
Package: kvoptions 2019/11/29 v3.13 Key value format for package options (HO)
)
\@linkdim=\dimen306
\Hy@linkcounter=\count329
\Hy@pagecounter=\count330
 (D:\MikText\tex/latex/hyperref\pd1enc.def
File: pd1enc.def 2020-05-15 v7.00e Hyperref: PDFDocEncoding definition (HO)
Now handling font encoding PD1 ...
... no UTF-8 mapping file for font encoding PD1
) (D:\MikText\tex/generic/intcalc\intcalc.sty
Package: intcalc 2019/12/15 v1.3 Expandable calculations with integers (HO)
) (D:\MikText\tex/generic/etexcmds\etexcmds.sty
Package: etexcmds 2019/12/15 v1.7 Avoid name clashes with e-TeX commands (HO)
)
\Hy@SavedSpaceFactor=\count331
Package hyperref Info: Option `bookmarks' set `true' on input line 4338.
Package hyperref Info: Option `bookmarksnumbered' set `true' on input line 4338.
Package hyperref Info: Option `hypertexnames' set `false' on input line 4338.
Package hyperref Info: Option `breaklinks' set `true' on input line 4338.
Package hyperref Info: Option `colorlinks' set `true' on input line 4338.
Package hyperref Info: Option `hyperfootnotes' set `false' on input line 4338.
Package hyperref Info: Hyper figures OFF on input line 4464.
Package hyperref Info: Link nesting OFF on input line 4469.
Package hyperref Info: Hyper index ON on input line 4472.
Package hyperref Info: Plain pages OFF on input line 4479.
Package hyperref Info: Backreferencing OFF on input line 4484.
Package hyperref Info: Implicit mode ON; LaTeX internals redefined.
Package hyperref Info: Bookmarks ON on input line 4717.
\c@Hy@tempcnt=\count332
 (D:\MikText\tex/latex/url\url.sty
\Urlmuskip=\muskip17
Package: url 2013/09/16  ver 3.4  Verb mode for urls, etc.
)
LaTeX Info: Redefining \url on input line 5076.
\XeTeXLinkMargin=\dimen307
 (D:\MikText\tex/generic/bitset\bitset.sty
Package: bitset 2019/12/09 v1.3 Handle bit-vector datatype (HO)
 (D:\MikText\tex/generic/bigintcalc\bigintcalc.sty
Package: bigintcalc 2019/12/15 v1.5 Expandable calculations on big integers (HO)
))
\Fld@menulength=\count333
\Field@Width=\dimen308
\Fld@charsize=\dimen309
Package hyperref Info: Hyper figures OFF on input line 6347.
Package hyperref Info: Link nesting OFF on input line 6352.
Package hyperref Info: Hyper index ON on input line 6355.
Package hyperref Info: backreferencing OFF on input line 6362.
Package hyperref Info: Link coloring ON on input line 6365.
Package hyperref Info: Link coloring with OCG OFF on input line 6372.
Package hyperref Info: PDF/A mode OFF on input line 6377.
LaTeX Info: Redefining \ref on input line 6417.
LaTeX Info: Redefining \pageref on input line 6421.
\Hy@abspage=\count334
\c@Item=\count335
)
Package hyperref Info: Driver (autodetected): hpdftex.
 (D:\MikText\tex/latex/hyperref\hpdftex.def
File: hpdftex.def 2020-05-15 v7.00e Hyperref driver for pdfTeX
 (D:\MikText\tex/latex/base\atveryend-ltx.sty
Package: atveryend-ltx 2020/08/19 v1.0a Emulation of the original atvery package
with kernel methods
)
\Fld@listcount=\count336
\c@bookmark@seq@number=\count337
 (D:\MikText\tex/latex/rerunfilecheck\rerunfilecheck.sty
Package: rerunfilecheck 2019/12/05 v1.9 Rerun checks for auxiliary files (HO)
 (D:\MikText\tex/generic/uniquecounter\uniquecounter.sty
Package: uniquecounter 2019/12/15 v1.4 Provide unlimited unique counter (HO)
)
Package uniquecounter Info: New unique counter `rerunfilecheck' on input line 286.
)
\Hy@SectionHShift=\skip79
) (D:\MikText\tex/latex/setspace\setspace.sty
Package: setspace 2011/12/19 v6.7a set line spacing
) (D:\MikText\tex/latex/psnfss\courier.sty
Package: courier 2020/03/25 PSNFSS-v9.3 (WaS) 
) (D:\MikText\tex/latex/amsfonts\amssymb.sty
Package: amssymb 2013/01/14 v3.01 AMS font symbols
 (D:\MikText\tex/latex/amsfonts\amsfonts.sty
Package: amsfonts 2013/01/14 v3.01 Basic AMSFonts support
\symAMSa=\mathgroup4
\symAMSb=\mathgroup5
LaTeX Font Info:    Redeclaring math symbol \hbar on input line 98.
LaTeX Font Info:    Overwriting math alphabet `\mathfrak' in version `bold'
(Font)                  U/euf/m/n --> U/euf/b/n on input line 106.
)) (D:\MikText\tex/latex/graphics\epsfig.sty
Package: epsfig 2017/06/25 v1.7b (e)psfig emulation (SPQR)
\epsfxsize=\dimen310
\epsfysize=\dimen311
) (D:\MikText\tex/latex/colortbl\colortbl.sty
Package: colortbl 2020/01/04 v1.0e Color table columns (DPC)
\everycr=\toks46
\minrowclearance=\skip80
) (D:\MikText\tex/latex/tools\tabularx.sty
Package: tabularx 2020/01/15 v2.11c `tabularx' package (DPC)
\TX@col@width=\dimen312
\TX@old@table=\dimen313
\TX@old@col=\dimen314
\TX@target=\dimen315
\TX@delta=\dimen316
\TX@cols=\count338
\TX@ftn=\toks47
) (D:\MikText\tex/latex/glossaries/base\glossaries.sty
Package: glossaries 2020/03/19 v4.46 (NLCT)
 (D:\MikText\tex/latex/xkeyval\xkeyval.sty
Package: xkeyval 2014/12/03 v2.7a package option processing (HA)
 (D:\MikText\tex/generic/xkeyval\xkeyval.tex (D:\MikText\tex/generic/xkeyval\xkvutils.tex
\XKV@toks=\toks48
\XKV@tempa@toks=\toks49
)
\XKV@depth=\count339
File: xkeyval.tex 2014/12/03 v2.7a key=value parser (HA)
)) (D:\MikText\tex/latex/mfirstuc\mfirstuc.sty
Package: mfirstuc 2017/11/14 v2.06 (NLCT)
 (D:\MikText\tex/latex/etoolbox\etoolbox.sty
Package: etoolbox 2020/10/05 v2.5k e-TeX tools for LaTeX (JAW)
\etb@tempcnta=\count340
)
\@glsmfirst=\toks50
\@glsmrest=\toks51
) (D:\MikText\tex/latex/textcase\textcase.sty
Package: textcase 2019/09/14 v1.00 Text only upper/lower case changing (DPC)
) (D:\MikText\tex/latex/xfor\xfor.sty
Package: xfor 2009/02/05 v1.05 (NLCT)
) (D:\MikText\tex/latex/datatool\datatool-base.sty
Package: datatool-base 2019/09/27 v2.32 (NLCT)
 (D:\MikText\tex/latex/substr\substr.sty
Package: substr 2009/10/20 v1.2 Handle substrings
\c@su@anzahl=\count341
) (D:\MikText\tex/latex/datatool\datatool-fp.sty
Package: datatool-fp 2019/09/27 v2.32 (NLCT)
 (D:\MikText\tex/latex/fp\fp.sty
Package: fp 1995/04/02
 `Fixed Point Package', Version 0.8, April 2, 1995 (C) Michael Mehlich (D:\MikText\tex/latex/fp\defpattern.sty
Package: defpattern 1994/10/12
\actioncount=\count342
) (D:\MikText\tex/latex/fp\fp-basic.sty
Package: fp-basic 1996/05/13
\FP@xs=\count343
\FP@xia=\count344
\FP@xib=\count345
\FP@xfa=\count346
\FP@xfb=\count347
\FP@rega=\count348
\FP@regb=\count349
\FP@regs=\count350
\FP@times=\count351
) (D:\MikText\tex/latex/fp\fp-addons.sty
Package: fp-addons 1995/03/15
) (D:\MikText\tex/latex/fp\fp-snap.sty
Package: fp-snap 1995/04/05
) (D:\MikText\tex/latex/fp\fp-exp.sty
Package: fp-exp 1995/04/03
) (D:\MikText\tex/latex/fp\fp-trigo.sty
Package: fp-trigo 1995/04/14
) (D:\MikText\tex/latex/fp\fp-pas.sty
Package: fp-pas 1994/08/29
) (D:\MikText\tex/latex/fp\fp-random.sty
Package: fp-random 1995/02/23
\FPseed=\count352
) (D:\MikText\tex/latex/fp\fp-eqn.sty
Package: fp-eqn 1995/04/03
) (D:\MikText\tex/latex/fp\fp-upn.sty
Package: fp-upn 1996/10/21
) (D:\MikText\tex/latex/fp\fp-eval.sty
Package: fp-eval 1995/04/03
)))
\@dtl@toks=\toks52
\@dtl@tmpcount=\count353
\dtl@tmplength=\skip81
\dtl@sortresult=\count354
\@dtl@numgrpsepcount=\count355
\@dtl@datatype=\count356
\dtl@codeA=\count357
\dtl@codeB=\count358
\@dtl@foreach@level=\count359
) (D:\MikText\tex/latex/glossaries/base\glossaries-compatible-307.sty
Package: glossaries-compatible-307 2020/03/19 v4.46 (NLCT)
)
\gls@level=\count360
\@gls@tmpb=\toks53
\gls@tmplen=\skip82
\glskeylisttok=\toks54
\glslabeltok=\toks55
\glsshorttok=\toks56
\glslongtok=\toks57
 (D:\MikText\tex/latex/glossaries/styles\glossary-hypernav.sty
Package: glossary-hypernav 2020/03/19 v4.46 (NLCT)
) (D:\MikText\tex/latex/glossaries/styles\glossary-list.sty
Package: glossary-list 2020/03/19 v4.46 (NLCT)
\glslistdottedwidth=\skip83
) (D:\MikText\tex/latex/glossaries/styles\glossary-long.sty
Package: glossary-long 2020/03/19 v4.46 (NLCT)
\glsdescwidth=\skip84
\glspagelistwidth=\skip85
) (D:\MikText\tex/latex/glossaries/styles\glossary-super.sty
Package: glossary-super 2020/03/19 v4.46 (NLCT)
) (D:\MikText\tex/latex/glossaries/styles\glossary-tree.sty
Package: glossary-tree 2020/03/19 v4.46 (NLCT)
\glstreeindent=\skip86
)) (D:\MikText\tex/latex/background\background.sty
Package: background 2014/03/04 v2.1 background material
 (D:\MikText\tex/latex/everypage\everypage.sty
Package: everypage 2020/10/17 R2.0b Hooks to run on every page


Package everypage Warning: Functionality similar to this package has recently
(everypage)                been implemented in LaTeX. This package is now in
(everypage)                legacy status.
(everypage)                Please, don't use it in new documents and packages.


Package everypage Warning: You appear to be running a version of LaTeX
(everypage)                providing the new functionality.
(everypage)                Doing the best to deliver the original `everypage`
(everypage)                interface on top of it. Strict equivalence is
(everypage)                not possible, breakage may occur.
(everypage)                If truly needed, Use `everypage-1x` to force the
(everypage)                loading of an older code base.

)) (D:\MikText\tex/latex/float\float.sty
Package: float 2001/11/08 v1.3d Float enhancements (AL)
\c@float@type=\count361
\float@exts=\toks58
\float@box=\box124
\@float@everytoks=\toks59
\@floatcapt=\box125
)
\@float@every@codefloat=\toks60
\c@codefloat=\count362
 (D:\MikText\tex/latex/sidecap\sidecap.sty
Package: sidecap 2003/06/06 v1.6f SideCap Package (RN/HjG)
\SC@BOXWD=\dimen317
\SC@CAPWD=\dimen318
\SC@tempdima=\dimen319
\SC@tempdimb=\dimen320
\c@SC@C=\count363
\SC@BOX=\box126
) (D:\MikText\tex/latex/algorithm2e\algorithm2e.sty
Package: algorithm2e 2017/07/18 v5.2 algorithms environments
\c@AlgoLine=\count364
\algocf@hangindent=\skip87
 (D:\MikText\tex/latex/ifoddpage\ifoddpage.sty
Package: ifoddpage 2016/04/23 v1.1 Conditionals for odd/even page detection
\c@checkoddpage=\count365
) (D:\MikText\tex/latex/relsize\relsize.sty
Package: relsize 2013/03/29 ver 4.1
)
\skiptotal=\skip88
\skiplinenumber=\skip89
\skiprule=\skip90
\skiphlne=\skip91
\skiptext=\skip92
\skiplength=\skip93
\algomargin=\skip94
\skipalgocfslide=\skip95
\algowidth=\dimen321
\inoutsize=\dimen322
\inoutindent=\dimen323
\interspacetitleruled=\dimen324
\interspacealgoruled=\dimen325
\interspacetitleboxruled=\dimen326
\algocf@ruledwidth=\skip96
\algocf@inoutbox=\box127
\algocf@inputbox=\box128
\AlCapSkip=\skip97
\AlCapHSkip=\skip98
\algoskipindent=\skip99
\algocf@nlbox=\box129
\algocf@hangingbox=\box130
\algocf@untilbox=\box131
\algocf@skipuntil=\skip100
\algocf@capbox=\box132
\algocf@lcaptionbox=\skip101
\algoheightruledefault=\skip102
\algoheightrule=\skip103
\algotitleheightruledefault=\skip104
\algotitleheightrule=\skip105
\c@algocfline=\count366
\c@algocfproc=\count367
\c@algocf=\count368
\algocf@algoframe=\box133
\algocf@algobox=\box134
) (D:\MikText\tex/latex/base\fix-cm.sty
Package: fix-cm 2015/01/14 v1.1t fixes to LaTeX
 (D:\MikText\tex/latex/base\ts1enc.def
File: ts1enc.def 2001/06/05 v3.0e (jk/car/fm) Standard LaTeX file
LaTeX Font Info:    Redeclaring font encoding TS1 on input line 47.
)) (D:\MikText\tex/generic/iftex\ifpdf.sty
Package: ifpdf 2019/10/25 v3.4 ifpdf legacy package. Use iftex instead.
) (D:\MikText\tex/latex/appendix\appendix.sty
Package: appendix 2020/02/08 v1.2c extra appendix facilities
\c@@pps=\count369
\c@@ppsavesec=\count370
\c@@ppsaveapp=\count371
)) (../Config/myconfig.tex) (../Config/glossaries.tex
\glswrite=\write5
\glo@acronym@file=\write6
\openout6 = `TFG-DavidMarquez.acn'.

Package glossaries Info: Writing glossary file TFG-DavidMarquez.acn on input line 4.
\glo@symbols@file=\write7
\openout7 = `TFG-DavidMarquez.sbl'.

Package glossaries Info: Writing glossary file TFG-DavidMarquez.sbl on input line 4.
) (../Config/postamble.tex (D:\MikText\tex/generic/babel\babel.sty
Package: babel 2020/10/06 3.50 The Babel package
 (D:\MikText\tex/generic/babel\babel.def
File: babel.def 2020/10/06 3.50 Babel common definitions
\babel@savecnt=\count372
\U@D=\dimen327
\l@babelnohyphens=\language79
 (D:\MikText\tex/generic/babel\txtbabel.def)
\bbl@readstream=\read5
)
\bbl@dirlevel=\count373

*************************************
* Local config file bblopts.cfg used
*
(D:\MikText\tex/latex/arabi\bblopts.cfg
File: bblopts.cfg 2005/09/08 v0.1 add Arabic and Farsi to "declared" options of babel
) (D:\MikText\tex/latex/babel-spanish\spanish.ldf
Language: spanish.ldf 2016/03/03 v5.0p Spanish support from the babel system
\es@quottoks=\toks61
\es@quotdepth=\count374
Package babel Info: Making " an active character on input line 561.
Package babel Info: Making . an active character on input line 662.
Package babel Info: Making < an active character on input line 707.
Package babel Info: Making > an active character on input line 707.
) (D:\MikText\tex/latex/babel-english\english.ldf
Language: english 2017/06/06 v3.3r English support from the babel system
Package babel Info: \l@canadian = using hyphenrules for english
(babel)             (\language0) on input line 102.
Package babel Info: \l@australian = using hyphenrules for ukenglish
(babel)             (\language73) on input line 105.
Package babel Info: \l@newzealand = using hyphenrules for ukenglish
(babel)             (\language73) on input line 108.
))
Package hyperref Info: Option `pdffitwindow' set `true' on input line 545.
) (TFG-DavidMarquez.aux
LaTeX Info: Redefining \. on input line 35.
LaTeX Info: Redefining \% on input line 35.
)
\openout1 = `TFG-DavidMarquez.aux'.

LaTeX Font Info:    Checking defaults for OML/cmm/m/it on input line 24.
LaTeX Font Info:    ... okay on input line 24.
LaTeX Font Info:    Checking defaults for OMS/cmsy/m/n on input line 24.
LaTeX Font Info:    ... okay on input line 24.
LaTeX Font Info:    Checking defaults for OT1/cmr/m/n on input line 24.
LaTeX Font Info:    ... okay on input line 24.
LaTeX Font Info:    Checking defaults for T1/cmr/m/n on input line 24.
LaTeX Font Info:    ... okay on input line 24.
LaTeX Font Info:    Checking defaults for TS1/cmr/m/n on input line 24.
LaTeX Font Info:    ... okay on input line 24.
LaTeX Font Info:    Checking defaults for OMX/cmex/m/n on input line 24.
LaTeX Font Info:    ... okay on input line 24.
LaTeX Font Info:    Checking defaults for U/cmr/m/n on input line 24.
LaTeX Font Info:    ... okay on input line 24.
LaTeX Font Info:    Checking defaults for PD1/pdf/m/n on input line 24.
LaTeX Font Info:    ... okay on input line 24.
 (D:\MikText\tex/context/base/mkii\supp-pdf.mkii
[Loading MPS to PDF converter (version 2006.09.02).]
\scratchcounter=\count375
\scratchdimen=\dimen328
\scratchbox=\box135
\nofMPsegments=\count376
\nofMParguments=\count377
\everyMPshowfont=\toks62
\MPscratchCnt=\count378
\MPscratchDim=\dimen329
\MPnumerator=\count379
\makeMPintoPDFobject=\count380
\everyMPtoPDFconversion=\toks63
) (D:\MikText\tex/latex/epstopdf-pkg\epstopdf-base.sty
Package: epstopdf-base 2020-01-24 v2.11 Base part for package epstopdf
 (D:\MikText\tex/latex/grfext\grfext.sty
Package: grfext 2019/12/03 v1.3 Manage graphics extensions (HO)
)
Package epstopdf-base Info: Redefining graphics rule for `.eps' on input line 485.
Package grfext Info: Graphics extension search list:
(grfext)             [.pdf,.png,.jpg,.eps]
(grfext)             \AppendGraphicsExtensions on input line 504.
) (D:\MikText\tex/latex/pdflscape\pdflscape.sty
Package: pdflscape 2019/12/05 v0.12 Display of landscape pages in PDF (HO)
 (D:\MikText\tex/latex/graphics\lscape.sty
Package: lscape 2020/05/28 v3.02 Landscape Pages (DPC)
)
Package pdflscape Info: Auto-detected driver: pdftex on input line 81.
)
\c@lstlisting=\count381
Package caption Info: Begin \AtBeginDocument code.
Package caption Info: float package is loaded.
Package caption Info: hyperref package is loaded.
Package caption Info: sidecap package is loaded.
Package caption Info: End \AtBeginDocument code.

*geometry* driver: auto-detecting
*geometry* detected driver: pdftex

Package geometry Warning: The marginal notes overrun the paper.
     Add 60.86812pt and more to the right margin.

*geometry* verbose mode - [ preamble ] result:
* driver: pdftex
* paper: a4paper
* layout: <same size as paper>
* layoutoffset:(h,v)=(0.0pt,0.0pt)
* modes: twoside 
* h-part:(L,W,R)=(71.13188pt, 455.24411pt, 71.13188pt)
* v-part:(T,H,B)=(71.13188pt, 702.78308pt, 71.13188pt)
* \paperwidth=597.50787pt
* \paperheight=845.04684pt
* \textwidth=455.24411pt
* \textheight=702.78308pt
* \oddsidemargin=-1.1381pt
* \evensidemargin=-1.1381pt
* \topmargin=-31.2056pt
* \headheight=15.5pt
* \headsep=18.06749pt
* \topskip=10.0pt
* \footskip=25.29494pt
* \marginparwidth=125.0pt
* \marginparsep=7.0pt
* \columnsep=10.0pt
* \skip\footins=9.0pt plus 4.0pt minus 2.0pt
* \hoffset=0.0pt
* \voffset=0.0pt
* \mag=1000
* \@twocolumnfalse
* \@twosidetrue
* \@mparswitchtrue
* \@reversemarginfalse
* (1in=72.27pt=25.4mm, 1cm=28.453pt)

Package hyperref Info: Link coloring ON on input line 24.
(D:\MikText\tex/latex/hyperref\nameref.sty
Package: nameref 2019/09/16 v2.46 Cross-referencing by name of section
 (D:\MikText\tex/latex/refcount\refcount.sty
Package: refcount 2019/12/15 v3.6 Data extraction from label references (HO)
) (D:\MikText\tex/generic/gettitlestring\gettitlestring.sty
Package: gettitlestring 2019/12/15 v1.6 Cleanup title references (HO)
)
\c@section@level=\count382
)
LaTeX Info: Redefining \ref on input line 24.
LaTeX Info: Redefining \pageref on input line 24.
LaTeX Info: Redefining \nameref on input line 24.
 (TFG-DavidMarquez.out) (TFG-DavidMarquez.out)
\@outlinefile=\write8
\openout8 = `TFG-DavidMarquez.out'.

 (TFG-DavidMarquez.glsdefs) (D:\MikText\tex/latex/ragged2e\ragged2e.sty
Package: ragged2e 2019/07/28 v2.2 ragged2e Package (MS)
 (D:\MikText\tex/latex/ms\everysel.sty
Package: everysel 2011/10/28 v1.2 EverySelectfont Package (MS)
 ABD: EverySelectfont initializing macros
LaTeX Info: Redefining \selectfont on input line 126.
)
\CenteringLeftskip=\skip106
\RaggedLeftLeftskip=\skip107
\RaggedRightLeftskip=\skip108
\CenteringRightskip=\skip109
\RaggedLeftRightskip=\skip110
\RaggedRightRightskip=\skip111
\CenteringParfillskip=\skip112
\RaggedLeftParfillskip=\skip113
\RaggedRightParfillskip=\skip114
\JustifyingParfillskip=\skip115
\CenteringParindent=\skip116
\RaggedLeftParindent=\skip117
\RaggedRightParindent=\skip118
\JustifyingParindent=\skip119
) (../Config/setlanguagedependentissues.tex
LaTeX Info: Redefining \. on input line 42.
LaTeX Info: Redefining \% on input line 42.
) (cover/cover.tex (cover/portada-tfg-uah.tex
<logos/logoEPS-UAH.jpg, id=406, 401.5pt x 292.09125pt>
File: logos/logoEPS-UAH.jpg Graphic file (type jpg)
<use logos/logoEPS-UAH.jpg>
Package pdftex.def Info: logos/logoEPS-UAH.jpg  used on input line 114.
(pdftex.def)             Requested size: 418.25368pt x 304.29808pt.
 [1

\openout5 = `TFG-DavidMarquez.ist'.


{C:/Users/Darks/AppData/Local/MiKTeX/pdftex/config/pdftex.map} <./logos/logoEPS-UAH.jpg>] [2


]) (cover/cover-pfc-tfg-tfm-uah.tex
LaTeX Font Info:    Trying to load font information for OT1+lmr on input line 78.
 (D:\MikText\tex/latex/lm\ot1lmr.fd
File: ot1lmr.fd 2009/10/30 v1.6 Font defs for Latin Modern
)
LaTeX Font Info:    Trying to load font information for OML+lmm on input line 78.
 (D:\MikText\tex/latex/lm\omllmm.fd
File: omllmm.fd 2009/10/30 v1.6 Font defs for Latin Modern
)
LaTeX Font Info:    Trying to load font information for OMS+lmsy on input line 78.
 (D:\MikText\tex/latex/lm\omslmsy.fd
File: omslmsy.fd 2009/10/30 v1.6 Font defs for Latin Modern
)
LaTeX Font Info:    Trying to load font information for OMX+lmex on input line 78.
 (D:\MikText\tex/latex/lm\omxlmex.fd
File: omxlmex.fd 2009/10/30 v1.6 Font defs for Latin Modern
)
LaTeX Font Info:    External font `lmex10' loaded for size
(Font)              <14.4> on input line 78.
LaTeX Font Info:    External font `lmex10' loaded for size
(Font)              <10> on input line 78.
LaTeX Font Info:    External font `lmex10' loaded for size
(Font)              <7> on input line 78.
LaTeX Font Info:    Trying to load font information for U+msa on input line 78.
 (D:\MikText\tex/latex/amsfonts\umsa.fd
File: umsa.fd 2013/01/14 v3.01 AMS symbols A
)
LaTeX Font Info:    Trying to load font information for U+msb on input line 78.
 (D:\MikText\tex/latex/amsfonts\umsb.fd
File: umsb.fd 2013/01/14 v3.01 AMS symbols B
)
LaTeX Font Info:    Trying to load font information for TS1+lmr on input line 96.
 (D:\MikText\tex/latex/lm\ts1lmr.fd
File: ts1lmr.fd 2009/10/30 v1.6 Font defs for Latin Modern
)
LaTeX Font Info:    External font `lmex10' loaded for size
(Font)              <12> on input line 103.
LaTeX Font Info:    External font `lmex10' loaded for size
(Font)              <8> on input line 103.
LaTeX Font Info:    External font `lmex10' loaded for size
(Font)              <6> on input line 103.
 [3] [4


])) (acronyms/defacronymsgl.tex
\@gls@deffile=\write9
\openout9 = `TFG-DavidMarquez.glsdefs'.

) (symbols/defsymbolsgl.tex) (abstract/resumen.tex
LaTeX Font Info:    External font `lmex10' loaded for size
(Font)              <5> on input line 10.
) (abstract/abstract.tex [5

] [6

]) (abstract/resumen-extendido.tex [7] [8

]) (cover/toc+lof+lot.tex [9] [10

] (TFG-DavidMarquez.toc
LaTeX Info: Redefining \. on input line 2.
LaTeX Info: Redefining \% on input line 2.
 [11]
LaTeX Info: Redefining \. on input line 64.
LaTeX Info: Redefining \% on input line 64.
 [12]
LaTeX Info: Redefining \. on input line 98.
LaTeX Info: Redefining \% on input line 98.
 [13])
\tf@toc=\write10
\openout10 = `TFG-DavidMarquez.toc'.

LaTeX Info: Redefining \. on input line 6.
LaTeX Info: Redefining \% on input line 6.
 [14] (TFG-DavidMarquez.lof
LaTeX Info: Redefining \. on input line 2.
LaTeX Info: Redefining \% on input line 2.
)
\tf@lof=\write11
\openout11 = `TFG-DavidMarquez.lof'.

 [15

] [16

] (TFG-DavidMarquez.lot
LaTeX Info: Redefining \. on input line 2.
LaTeX Info: Redefining \% on input line 2.
)
\tf@lot=\write12
\openout12 = `TFG-DavidMarquez.lot'.

) (cover/extralistings.tex [17] [18

] (TFG-DavidMarquez.cod)
\tf@cod=\write13
\openout13 = `TFG-DavidMarquez.cod'.

) [19] [20

] (chapters/capitulo1.tex
Cap\'{\i }tulo 1.
[1

]) (chapters/capitulo2.tex
LaTeX Info: Redefining \. on input line 1.
LaTeX Info: Redefining \% on input line 1.
 [2]
Cap\'{\i }tulo 2.
<./images//web-scraping-phases.jpg, id=899, 779.91376pt x 121.20282pt>
File: ./images//web-scraping-phases.jpg Graphic file (type jpg)
<use ./images//web-scraping-phases.jpg>
Package pdftex.def Info: ./images//web-scraping-phases.jpg  used on input line 48.
(pdftex.def)             Requested size: 433.62pt x 67.38672pt.
[3

]
LaTeX Info: Redefining \. on input line 101.
LaTeX Info: Redefining \% on input line 101.
 [4 <./images//web-scraping-phases.jpg>]
<./images//web-crawler-phases.jpg, id=924, 520.19344pt x 325.215pt>
File: ./images//web-crawler-phases.jpg Graphic file (type jpg)
<use ./images//web-crawler-phases.jpg>
Package pdftex.def Info: ./images//web-crawler-phases.jpg  used on input line 130.
(pdftex.def)             Requested size: 289.07999pt x 180.72473pt.
LaTeX Info: Redefining \. on input line 147.
LaTeX Info: Redefining \% on input line 147.
 [5 <./images//web-crawler-phases.jpg>]
LaTeX Info: Redefining \. on input line 199.
LaTeX Info: Redefining \% on input line 199.
 [6]) (chapters/capitulo3.tex
LaTeX Info: Redefining \. on input line 1.
LaTeX Info: Redefining \% on input line 1.
 [7] [8

]
Cap\'{\i }tulo 3.
[9]
LaTeX Font Info:    Trying to load font information for T1+pcr on input line 87.
 (D:\MikText\tex/latex/psnfss\t1pcr.fd
File: t1pcr.fd 2001/06/04 font definitions for T1/pcr.
)
LaTeX Info: Redefining \. on input line 125.
LaTeX Info: Redefining \% on input line 125.
 [10] (D:\MikText\tex/latex/base\latin1.def
File: latin1.def 2020/08/01 v1.3d Input encoding file
) (D:\MikText\tex/latex/listings\lstlang1.sty
File: lstlang1.sty 2020/03/24 1.8d listings language file
) (D:\MikText\tex/latex/listings\lstlang1.sty
File: lstlang1.sty 2020/03/24 1.8d listings language file
) (D:\MikText\tex/latex/listings\lstmisc.sty
File: lstmisc.sty 2020/03/24 1.8d (Carsten Heinz)
) (scripts/inscriptis-reglas-anotacion.py) (D:\MikText\tex/latex/base\utf8.def
File: utf8.def 2019/11/14 v1.2k UTF-8 support for inputenc
)
Package hyperref Info: bookmark level for unknown codefloat defaults to 0 on input line 181.

Underfull \vbox (badness 10000) has occurred while \output is active []

LaTeX Info: Redefining \. on input line 184.
LaTeX Info: Redefining \% on input line 184.
 [11]
LaTeX Font Info:    Trying to load font information for TS1+pcr on input line 195.
 (D:\MikText\tex/latex/psnfss\ts1pcr.fd
File: ts1pcr.fd 2001/06/04 font definitions for TS1/pcr.
)
<./images//inscriptis-html-postprocessor.png, id=982, 724.20563pt x 268.00125pt>
File: ./images//inscriptis-html-postprocessor.png Graphic file (type png)
<use ./images//inscriptis-html-postprocessor.png>
Package pdftex.def Info: ./images//inscriptis-html-postprocessor.png  used on input line 219.
(pdftex.def)             Requested size: 455.30121pt x 168.48997pt.
LaTeX Info: Redefining \. on input line 232.
LaTeX Info: Redefining \% on input line 232.
 [12 <./images//inscriptis-html-postprocessor.png>]
Overfull \hbox (20.41154pt too wide) in paragraph at lines 242--249
 [] 
 []

LaTeX Info: Redefining \. on input line 302.
LaTeX Info: Redefining \% on input line 302.
[13]
<./images//bs-parse-tree.png, id=1010, 955.57pt x 473.77pt>
File: ./images//bs-parse-tree.png Graphic file (type png)
<use ./images//bs-parse-tree.png>
Package pdftex.def Info: ./images//bs-parse-tree.png  used on input line 305.
(pdftex.def)             Requested size: 325.215pt x 161.23871pt.
LaTeX Info: Redefining \. on input line 347.
LaTeX Info: Redefining \% on input line 347.
 [14 <./images//bs-parse-tree.png>] (D:\MikText\tex/latex/base\latin1.def
File: latin1.def 2020/08/01 v1.3d Input encoding file
) (scripts/justext-clasificacion.py) (D:\MikText\tex/latex/base\utf8.def
File: utf8.def 2019/11/14 v1.2k UTF-8 support for inputenc
)
LaTeX Info: Redefining \. on input line 385.
LaTeX Info: Redefining \% on input line 385.
 [15]
<./images//justext-blocks-classification.jpg, id=1048, 304.13625pt x 285.31593pt>
File: ./images//justext-blocks-classification.jpg Graphic file (type jpg)
<use ./images//justext-blocks-classification.jpg>
Package pdftex.def Info: ./images//justext-blocks-classification.jpg  used on input line 417.
(pdftex.def)             Requested size: 260.17244pt x 244.07826pt.
LaTeX Info: Redefining \. on input line 434.
LaTeX Info: Redefining \% on input line 434.
 [16 <./images//justext-blocks-classification.jpg>]
<./images//newsplease-processing.jpg, id=1054, 488.82625pt x 205.76875pt>
File: ./images//newsplease-processing.jpg Graphic file (type jpg)
<use ./images//newsplease-processing.jpg>
Package pdftex.def Info: ./images//newsplease-processing.jpg  used on input line 468.
(pdftex.def)             Requested size: 325.215pt x 136.90042pt.
LaTeX Info: Redefining \. on input line 481.
LaTeX Info: Redefining \% on input line 481.
 [17 <./images//newsplease-processing.jpg>] (D:\MikText\tex/latex/base\latin1.def
File: latin1.def 2020/08/01 v1.3d Input encoding file
) (scripts/newsplease-scrape.py) (D:\MikText\tex/latex/base\utf8.def
File: utf8.def 2019/11/14 v1.2k UTF-8 support for inputenc
)
LaTeX Info: Redefining \. on input line 525.
LaTeX Info: Redefining \% on input line 525.
 [18] (D:\MikText\tex/latex/base\latin1.def
File: latin1.def 2020/08/01 v1.3d Input encoding file
) (scripts/libextract-eatiht.py) (D:\MikText\tex/latex/base\utf8.def
File: utf8.def 2019/11/14 v1.2k UTF-8 support for inputenc
)
LaTeX Info: Redefining \. on input line 580.
LaTeX Info: Redefining \% on input line 580.
 [19]
LaTeX Info: Redefining \. on input line 646.
LaTeX Info: Redefining \% on input line 646.
 [20] (D:\MikText\tex/latex/base\latin1.def
File: latin1.def 2020/08/01 v1.3d Input encoding file
) (scripts/readability-menjor-candidato.py) (D:\MikText\tex/latex/base\utf8.def
File: utf8.def 2019/11/14 v1.2k UTF-8 support for inputenc
)
LaTeX Info: Redefining \. on input line 701.
LaTeX Info: Redefining \% on input line 701.
 [21] (D:\MikText\tex/latex/base\latin1.def
File: latin1.def 2020/08/01 v1.3d Input encoding file
) (scripts/trafilatura-respaldo1.py) (D:\MikText\tex/latex/base\utf8.def
File: utf8.def 2019/11/14 v1.2k UTF-8 support for inputenc
)
LaTeX Info: Redefining \. on input line 770.
LaTeX Info: Redefining \% on input line 770.
 [22] (D:\MikText\tex/latex/base\latin1.def
File: latin1.def 2020/08/01 v1.3d Input encoding file
) (scripts/trafilatura-respaldo2.py) (D:\MikText\tex/latex/base\utf8.def
File: utf8.def 2019/11/14 v1.2k UTF-8 support for inputenc
)
LaTeX Info: Redefining \. on input line 808.
LaTeX Info: Redefining \% on input line 808.
 [23]
LaTeX Info: Redefining \. on input line 868.
LaTeX Info: Redefining \% on input line 868.
 [24] (D:\MikText\tex/latex/base\latin1.def
File: latin1.def 2020/08/01 v1.3d Input encoding file
) (scripts/goose3-extraccion1.py) (D:\MikText\tex/latex/base\utf8.def
File: utf8.def 2019/11/14 v1.2k UTF-8 support for inputenc
) (D:\MikText\tex/latex/base\latin1.def
File: latin1.def 2020/08/01 v1.3d Input encoding file
) (scripts/goose3-extraccion2.py) (D:\MikText\tex/latex/base\utf8.def
File: utf8.def 2019/11/14 v1.2k UTF-8 support for inputenc
)
LaTeX Info: Redefining \. on input line 920.
LaTeX Info: Redefining \% on input line 920.
 [25] (D:\MikText\tex/latex/base\latin1.def
File: latin1.def 2020/08/01 v1.3d Input encoding file
) (scripts/newspaper3k-stopword.py) (D:\MikText\tex/latex/base\utf8.def
File: utf8.def 2019/11/14 v1.2k UTF-8 support for inputenc
)
LaTeX Info: Redefining \. on input line 969.
LaTeX Info: Redefining \% on input line 969.
 [26]
LaTeX Info: Redefining \. on input line 1027.
LaTeX Info: Redefining \% on input line 1027.
 [27]
<./images//rvest-block-elements.jpg, id=1244, 438.63875pt x 46.1725pt>
File: ./images//rvest-block-elements.jpg Graphic file (type jpg)
<use ./images//rvest-block-elements.jpg>
Package pdftex.def Info: ./images//rvest-block-elements.jpg  used on input line 1054.
(pdftex.def)             Requested size: 325.215pt x 34.23402pt.
LaTeX Info: Redefining \. on input line 1088.
LaTeX Info: Redefining \% on input line 1088.
 [28 <./images//rvest-block-elements.jpg>]
<./images//rcrawler-arquitecture.jpg, id=1254, 368.1253pt x 252.945pt>
File: ./images//rcrawler-arquitecture.jpg Graphic file (type jpg)
<use ./images//rcrawler-arquitecture.jpg>
Package pdftex.def Info: ./images//rcrawler-arquitecture.jpg  used on input line 1098.
(pdftex.def)             Requested size: 325.215pt x 223.47614pt.
LaTeX Info: Redefining \. on input line 1132.
LaTeX Info: Redefining \% on input line 1132.
 [29 <./images//rcrawler-arquitecture.jpg>]
LaTeX Info: Redefining \. on input line 1185.
LaTeX Info: Redefining \% on input line 1185.
 [30]) (chapters/capitulo4.tex
LaTeX Info: Redefining \. on input line 2.
LaTeX Info: Redefining \% on input line 2.
 [31] [32

]
Cap\'{\i }tulo 4.
[33]
<./images//estructura-generica-proceso-evaluacion.jpg, id=1301, 563.10374pt x 474.27188pt>
File: ./images//estructura-generica-proceso-evaluacion.jpg Graphic file (type jpg)
<use ./images//estructura-generica-proceso-evaluacion.jpg>
Package pdftex.def Info: ./images//estructura-generica-proceso-evaluacion.jpg  used on input line 64.
(pdftex.def)             Requested size: 361.34999pt x 304.34349pt.
LaTeX Info: Redefining \. on input line 80.
LaTeX Info: Redefining \% on input line 80.
 [34 <./images//estructura-generica-proceso-evaluacion.jpg>]
<./images//pagina-web.jpeg, id=1308, 963.6pt x 624.83438pt>
File: ./images//pagina-web.jpeg Graphic file (type jpg)
<use ./images//pagina-web.jpeg>
Package pdftex.def Info: ./images//pagina-web.jpeg  used on input line 88.
(pdftex.def)             Requested size: 433.62pt x 281.17287pt.
LaTeX Info: Redefining \. on input line 111.
LaTeX Info: Redefining \% on input line 111.
 [35 <./images//pagina-web.jpeg>]
<./images//pagina-web2.jpeg, id=1317, 963.6pt x 624.83438pt>
File: ./images//pagina-web2.jpeg Graphic file (type jpg)
<use ./images//pagina-web2.jpeg>
Package pdftex.def Info: ./images//pagina-web2.jpeg  used on input line 136.
(pdftex.def)             Requested size: 440.84743pt x 285.85416pt.
LaTeX Info: Redefining \. on input line 149.
LaTeX Info: Redefining \% on input line 149.
 [36 <./images//pagina-web2.jpeg>]
LaTeX Info: Redefining \. on input line 203.
LaTeX Info: Redefining \% on input line 203.
 [37]
<./images//diagrama-venn.jpg, id=1329, 430.60875pt x 310.15875pt>
File: ./images//diagrama-venn.jpg Graphic file (type jpg)
<use ./images//diagrama-venn.jpg>
Package pdftex.def Info: ./images//diagrama-venn.jpg  used on input line 227.
(pdftex.def)             Requested size: 361.34999pt x 260.28073pt.
<./images//estructura-especifica-proceso-evaluacion.jpg, id=1331, 747.54282pt x 529.98pt>
File: ./images//estructura-especifica-proceso-evaluacion.jpg Graphic file (type jpg)
<use ./images//estructura-especifica-proceso-evaluacion.jpg>
Package pdftex.def Info: ./images//estructura-especifica-proceso-evaluacion.jpg  used on input line 247.
(pdftex.def)             Requested size: 513.11743pt x 363.79427pt.

Overfull \hbox (57.87332pt too wide) in paragraph at lines 247--248
 [][] 
 []

LaTeX Info: Redefining \. on input line 250.
LaTeX Info: Redefining \% on input line 250.
[38 <./images//diagrama-venn.jpg>]
Underfull \vbox (badness 4967) has occurred while \output is active []

LaTeX Info: Redefining \. on input line 271.
LaTeX Info: Redefining \% on input line 271.
 [39 <./images//estructura-especifica-proceso-evaluacion.jpg>]
<./images//text-comparison1.jpg, id=1341, 561.59813pt x 106.14656pt>
File: ./images//text-comparison1.jpg Graphic file (type jpg)
<use ./images//text-comparison1.jpg>
Package pdftex.def Info: ./images//text-comparison1.jpg  used on input line 290.
(pdftex.def)             Requested size: 469.75499pt x 88.78673pt.

Overfull \hbox (14.51088pt too wide) in paragraph at lines 290--291
 [][] 
 []

<./images//text-comparison2.jpg, id=1343, 572.89032pt x 106.14656pt>
File: ./images//text-comparison2.jpg Graphic file (type jpg)
<use ./images//text-comparison2.jpg>
Package pdftex.def Info: ./images//text-comparison2.jpg  used on input line 306.
(pdftex.def)             Requested size: 469.75499pt x 87.03912pt.

Overfull \hbox (14.51088pt too wide) in paragraph at lines 306--307
 [][] 
 []

LaTeX Info: Redefining \. on input line 324.
LaTeX Info: Redefining \% on input line 324.
[40 <./images//text-comparison1.jpg> <./images//text-comparison2.jpg>]
<./images//text-comparison3.jpg, id=1348, 538.26094pt x 105.39375pt>
File: ./images//text-comparison3.jpg Graphic file (type jpg)
<use ./images//text-comparison3.jpg>
Package pdftex.def Info: ./images//text-comparison3.jpg  used on input line 327.
(pdftex.def)             Requested size: 469.75499pt x 91.98128pt.

Overfull \hbox (14.51088pt too wide) in paragraph at lines 327--328
 [][] 
 []

<./images//text-comparison4.jpg, id=1349, 542.77782pt x 109.91063pt>
File: ./images//text-comparison4.jpg Graphic file (type jpg)
<use ./images//text-comparison4.jpg>
Package pdftex.def Info: ./images//text-comparison4.jpg  used on input line 345.
(pdftex.def)             Requested size: 469.75499pt x 95.12671pt.

Overfull \hbox (14.51088pt too wide) in paragraph at lines 345--346
 [][] 
 []

<./images//text-comparison5.jpg, id=1350, 537.50812pt x 103.88812pt>
File: ./images//text-comparison5.jpg Graphic file (type jpg)
<use ./images//text-comparison5.jpg>
Package pdftex.def Info: ./images//text-comparison5.jpg  used on input line 357.
(pdftex.def)             Requested size: 469.75499pt x 90.79408pt.

Overfull \hbox (14.51088pt too wide) in paragraph at lines 357--358
 [][] 
 []

LaTeX Info: Redefining \. on input line 369.
LaTeX Info: Redefining \% on input line 369.
[41 <./images//text-comparison3.jpg> <./images//text-comparison4.jpg> <./images//text-comparison5.jpg>]
<./images//text-comparison6.jpg, id=1357, 451.6875pt x 68.50594pt>
File: ./images//text-comparison6.jpg Graphic file (type jpg)
<use ./images//text-comparison6.jpg>
Package pdftex.def Info: ./images//text-comparison6.jpg  used on input line 377.
(pdftex.def)             Requested size: 433.62pt x 65.76912pt.
<./images//text-comparison7.jpg, id=1358, 472.76625pt x 151.3153pt>
File: ./images//text-comparison7.jpg Graphic file (type jpg)
<use ./images//text-comparison7.jpg>
Package pdftex.def Info: ./images//text-comparison7.jpg  used on input line 389.
(pdftex.def)             Requested size: 433.62pt x 138.78923pt.
 (D:\MikText\tex/latex/base\latin1.def
File: latin1.def 2020/08/01 v1.3d Input encoding file
) (scripts/evaluacion-tokenizar.py) (D:\MikText\tex/latex/base\utf8.def
File: utf8.def 2019/11/14 v1.2k UTF-8 support for inputenc
) (D:\MikText\tex/latex/base\latin1.def
File: latin1.def 2020/08/01 v1.3d Input encoding file
) (scripts/evaluacion-ngramas.py) (D:\MikText\tex/latex/base\utf8.def
File: utf8.def 2019/11/14 v1.2k UTF-8 support for inputenc
)
LaTeX Info: Redefining \. on input line 424.
LaTeX Info: Redefining \% on input line 424.
 [42 <./images//text-comparison6.jpg> <./images//text-comparison7.jpg>]
LaTeX Info: Redefining \. on input line 482.
LaTeX Info: Redefining \% on input line 482.
 [43]
Overfull \hbox (22.7284pt too wide) in paragraph at lines 490--496
 [] 
 []

(D:\MikText\tex/latex/base\latin1.def
File: latin1.def 2020/08/01 v1.3d Input encoding file
) (scripts/evaluacion-true-positives.py) (D:\MikText\tex/latex/base\utf8.def
File: utf8.def 2019/11/14 v1.2k UTF-8 support for inputenc
) (D:\MikText\tex/latex/base\latin1.def
File: latin1.def 2020/08/01 v1.3d Input encoding file
) (scripts/evaluacion-false-positives.py) (D:\MikText\tex/latex/base\utf8.def
File: utf8.def 2019/11/14 v1.2k UTF-8 support for inputenc
) (D:\MikText\tex/latex/base\latin1.def
File: latin1.def 2020/08/01 v1.3d Input encoding file
) (scripts/evaluacion-false-negatives.py) (D:\MikText\tex/latex/base\utf8.def
File: utf8.def 2019/11/14 v1.2k UTF-8 support for inputenc
) (D:\MikText\tex/latex/base\latin1.def
File: latin1.def 2020/08/01 v1.3d Input encoding file
) (scripts/evaluacion-puntuacion.py) (D:\MikText\tex/latex/base\utf8.def
File: utf8.def 2019/11/14 v1.2k UTF-8 support for inputenc
)
LaTeX Info: Redefining \. on input line 546.
LaTeX Info: Redefining \% on input line 546.
 [44]
<./images//text-comparison8.jpg, id=1413, 633.86812pt x 153.57375pt>
File: ./images//text-comparison8.jpg Graphic file (type jpg)
<use ./images//text-comparison8.jpg>
Package pdftex.def Info: ./images//text-comparison8.jpg  used on input line 554.
(pdftex.def)             Requested size: 455.30121pt x 110.3129pt.
<./images//text-comparison9.jpg, id=1414, 633.86812pt x 155.07938pt>
File: ./images//text-comparison9.jpg Graphic file (type jpg)
<use ./images//text-comparison9.jpg>
Package pdftex.def Info: ./images//text-comparison9.jpg  used on input line 555.
(pdftex.def)             Requested size: 455.30121pt x 111.39438pt.
<./images//matriz-confusion.jpg, id=1416, 271.76532pt x 261.97874pt>
File: ./images//matriz-confusion.jpg Graphic file (type jpg)
<use ./images//matriz-confusion.jpg>
Package pdftex.def Info: ./images//matriz-confusion.jpg  used on input line 566.
(pdftex.def)             Requested size: 325.215pt x 313.51746pt.

Underfull \vbox (badness 1810) has occurred while \output is active []

LaTeX Info: Redefining \. on input line 569.
LaTeX Info: Redefining \% on input line 569.
 [45 <./images//text-comparison8.jpg> <./images//text-comparison9.jpg>]
LaTeX Info: Redefining \. on input line 598.
LaTeX Info: Redefining \% on input line 598.
 [46 <./images//matriz-confusion.jpg>]
<./images//estructura-metricas.jpg, id=1447, 636.12656pt x 423.08063pt>
File: ./images//estructura-metricas.jpg Graphic file (type jpg)
<use ./images//estructura-metricas.jpg>
Package pdftex.def Info: ./images//estructura-metricas.jpg  used on input line 601.
(pdftex.def)             Requested size: 469.75499pt x 312.42273pt.

Overfull \hbox (14.51088pt too wide) in paragraph at lines 601--602
 [][] 
 []

(D:\MikText\tex/latex/base\latin1.def
File: latin1.def 2020/08/01 v1.3d Input encoding file
) (scripts/evaluacion-precision.py) (D:\MikText\tex/latex/base\utf8.def
File: utf8.def 2019/11/14 v1.2k UTF-8 support for inputenc
)
Underfull \vbox (badness 1596) has occurred while \output is active []

LaTeX Info: Redefining \. on input line 629.
LaTeX Info: Redefining \% on input line 629.
 [47 <./images//estructura-metricas.jpg>] (D:\MikText\tex/latex/base\latin1.def
File: latin1.def 2020/08/01 v1.3d Input encoding file
) (scripts/evaluacion-recall.py) (D:\MikText\tex/latex/base\utf8.def
File: utf8.def 2019/11/14 v1.2k UTF-8 support for inputenc
) (D:\MikText\tex/latex/base\latin1.def
File: latin1.def 2020/08/01 v1.3d Input encoding file
) (scripts/evaluacion-accuracy.py) (D:\MikText\tex/latex/base\utf8.def
File: utf8.def 2019/11/14 v1.2k UTF-8 support for inputenc
)
LaTeX Info: Redefining \. on input line 680.
LaTeX Info: Redefining \% on input line 680.
 [48] (D:\MikText\tex/latex/base\latin1.def
File: latin1.def 2020/08/01 v1.3d Input encoding file
) (scripts/script-boilerpy.py) (D:\MikText\tex/latex/base\utf8.def
File: utf8.def 2019/11/14 v1.2k UTF-8 support for inputenc
) (D:\MikText\tex/latex/base\latin1.def
File: latin1.def 2020/08/01 v1.3d Input encoding file
) (scripts/script-boilerpiper.R) (D:\MikText\tex/latex/base\utf8.def
File: utf8.def 2019/11/14 v1.2k UTF-8 support for inputenc
)
LaTeX Info: Redefining \. on input line 714.
LaTeX Info: Redefining \% on input line 714.
 [49]
<./images//estructura-interfaz-rpy2.jpg, id=1524, 356.0803pt x 450.18187pt>
File: ./images//estructura-interfaz-rpy2.jpg Graphic file (type jpg)
<use ./images//estructura-interfaz-rpy2.jpg>
Package pdftex.def Info: ./images//estructura-interfaz-rpy2.jpg  used on input line 725.
(pdftex.def)             Requested size: 216.81pt x 274.10222pt.

Overfull \hbox (2.5773pt too wide) in paragraph at lines 736--740
 [] 
 []

LaTeX Info: Redefining \. on input line 756.
LaTeX Info: Redefining \% on input line 756.
[50 <./images//estructura-interfaz-rpy2.jpg>]) (chapters/capitulo5.tex
LaTeX Info: Redefining \. on input line 1.
LaTeX Info: Redefining \% on input line 1.
 [51] [52

]
Cap\'{\i }tulo 5.
) (presupuesto/presupuesto.tex [53] [54

]
Cap\'{\i }tulo 6.
) (biblio/bibliography.tex (D:\MikText\tex/latex/base\latin1.def
File: latin1.def 2020/08/01 v1.3d Input encoding file
) (TFG-DavidMarquez.bbl [55] [56

] [57]
Underfull \hbox (badness 2608) in paragraph at lines 154--156
[]\T1/lmr/m/n/10 M. La-ba-bi-di, ``Goo-se3,'' [][]$https : / / goose3 . readthedocs . io / en / latest / .$[][] [Ul-ti-mo ac-ce-so 11/di-ciem-
 []

LaTeX Info: Redefining \. on input line 212.
LaTeX Info: Redefining \% on input line 212.
[58]) (D:\MikText\tex/latex/base\utf8.def
File: utf8.def 2019/11/14 v1.2k UTF-8 support for inputenc
)) (appendix/apendiceA.tex
LaTeX Info: Redefining \. on input line 1.
LaTeX Info: Redefining \% on input line 1.
 [59] [60

]
Ap\'{e}ndice A.
(D:\MikText\tex/latex/base\latin1.def
File: latin1.def 2020/08/01 v1.3d Input encoding file
) (scripts/ejemplo-basico-web-scraping-1.R) (D:\MikText\tex/latex/base\utf8.def
File: utf8.def 2019/11/14 v1.2k UTF-8 support for inputenc
) [61] (D:\MikText\tex/latex/base\latin1.def
File: latin1.def 2020/08/01 v1.3d Input encoding file
) (scripts/ejemplo-basico-web-scraping-2.R
Overfull \hbox (5.40488pt too wide) in paragraph at lines 5--6
[][][][][][][][][][][][][][][][][][][][][][][][] 
 []

) (D:\MikText\tex/latex/base\utf8.def
File: utf8.def 2019/11/14 v1.2k UTF-8 support for inputenc
) (D:\MikText\tex/latex/base\latin1.def
File: latin1.def 2020/08/01 v1.3d Input encoding file
) (scripts/ejemplo-basico-web-scraping-3.R
LaTeX Font Info:    External font `lmex10' loaded for size
(Font)              <9> on input line 7.
) (D:\MikText\tex/latex/base\utf8.def
File: utf8.def 2019/11/14 v1.2k UTF-8 support for inputenc
)
Underfull \vbox (badness 10000) has occurred while \output is active []

LaTeX Info: Redefining \. on input line 90.
LaTeX Info: Redefining \% on input line 90.
 [62] (D:\MikText\tex/latex/base\latin1.def
File: latin1.def 2020/08/01 v1.3d Input encoding file
) (scripts/ejemplo-basico-web-scraping-4.R) (D:\MikText\tex/latex/base\utf8.def
File: utf8.def 2019/11/14 v1.2k UTF-8 support for inputenc
)) (appendix/apendiceB.tex
LaTeX Info: Redefining \. on input line 1.
LaTeX Info: Redefining \% on input line 1.
 [63] [64

]
Ap\'{e}ndice B.
<./images//parser-structure.jpg, id=1681, 631.60968pt x 241.65282pt>
File: ./images//parser-structure.jpg Graphic file (type jpg)
<use ./images//parser-structure.jpg>
Package pdftex.def Info: ./images//parser-structure.jpg  used on input line 18.
(pdftex.def)             Requested size: 397.48499pt x 152.07983pt.
[65 <./images//parser-structure.jpg>]
LaTeX Info: Redefining \. on input line 103.
LaTeX Info: Redefining \% on input line 103.
 [66]
LaTeX Info: Redefining \. on input line 162.
LaTeX Info: Redefining \% on input line 162.
 [67])
LaTeX Info: Redefining \. on input line 120.
LaTeX Info: Redefining \% on input line 120.
 [68] (cover/backpage.tex (cover/backpage-tfg-uah.tex [69


]
<./logos//uah/01_logo-vA_pant293.pdf, id=1715, 607.48354pt x 209.12729pt>
File: ./logos//uah/01_logo-vA_pant293.pdf Graphic file (type pdf)
<use ./logos//uah/01_logo-vA_pant293.pdf>
Package pdftex.def Info: ./logos//uah/01_logo-vA_pant293.pdf  used on input line 40.
(pdftex.def)             Requested size: 364.1963pt x 99.58537pt.
))

Package glossaries Warning: No \printglossary or \printglossaries found. 
(Remove \makeglossaries if you don't want any glossaries.) 
This document will not have a glossary.

File: logos/logoEPS-UAH.jpg Graphic file (type jpg)
<use logos/logoEPS-UAH.jpg>
Package pdftex.def Info: logos/logoEPS-UAH.jpg  used on input line 124.
(pdftex.def)             Requested size: 418.25368pt x 304.29808pt.
[70

 <./logos//uah/01_logo-vA_pant293.pdf>] (TFG-DavidMarquez.aux
LaTeX Info: Redefining \. on input line 35.
LaTeX Info: Redefining \% on input line 35.
)
Package rerunfilecheck Info: File `TFG-DavidMarquez.out' has not changed.
(rerunfilecheck)             Checksum: CA351323880969AF65CE85B3FF5CC795;8295.
 ) 
Here is how much of TeX's memory you used:
 33471 strings out of 480236
 583642 string characters out of 2896605
 1249322 words of memory out of 3000000
 48382 multiletter control sequences out of 15000+200000
 626065 words of font info for 97 fonts, out of 3000000 for 9000
 1141 hyphenation exceptions out of 8191
 88i,12n,124p,1069b,2000s stack positions out of 5000i,500n,10000p,200000b,50000s
{D:/MikText/fonts/enc/dvips/lm/lm-mathsy.enc}{D:/MikText/fonts/enc/dvips/lm/lm-rm.enc}{D:/MikText/fonts/enc/dvips/lm/lm-mathit.enc}{D:/MikText/fonts/enc/dvips/lm/lm-ts1.enc}{D:/MikText/fonts/enc/dvips/lm/lm-ec.enc}{D:/MikText/fonts/enc/dvips/base/8r.enc}<D:/MikText/fonts/type1/public/lm/lmbx10.pfb><D:/MikText/fonts/type1/public/lm/lmbx12.pfb><D:/MikText/fonts/type1/public/lm/lmbx9.pfb><D:/MikText/fonts/type1/public/lm/lmmi10.pfb><D:/MikText/fonts/type1/public/lm/lmr10.pfb><D:/MikText/fonts/type1/public/lm/lmr12.pfb><D:/MikText/fonts/type1/public/lm/lmr17.pfb><D:/MikText/fonts/type1/public/lm/lmr6.pfb><D:/MikText/fonts/type1/public/lm/lmr7.pfb><D:/MikText/fonts/type1/public/lm/lmr8.pfb><D:/MikText/fonts/type1/public/lm/lmr9.pfb><D:/MikText/fonts/type1/public/lm/lmri10.pfb><D:/MikText/fonts/type1/public/lm/lmsy10.pfb><D:/MikText/fonts/type1/urw/courier/ucrr8a.pfb>
Output written on TFG-DavidMarquez.pdf (90 pages, 2144417 bytes).
PDF statistics:
 1907 PDF objects out of 2073 (max. 8388607)
 593 named destinations out of 1000 (max. 500000)
 953 words of extra memory for PDF output out of 10000 (max. 10000000)

